Lon Lat E.vel N.vel E.adj N.adj E.sig N.sig Corr U.vel U.adj U.sig Stat
31.602 40.73354 9.25 2.66 0.0 0.0 0.25 0.27 -0.01 1.55 0.0 1.55 BOLU_GDU
31.4388 40.937 21.2 5.76 0.0 0.0 1.69 1.74 -0.01 -1.4 0.0 -1.4 YIGI_GPS
31.4388 40.937 21.2 5.76 0.0 0.0 1.69 1.74 -0.01 -1.4 0.0 -1.4 YIGI_GDU
31.332 40.17331 -2.2 0.35 0.0 0.0 0.24 0.24 -0.01 0.67 0.0 0.67 NAHA_GDU
30.9163 40.11795 -3.38 0.81 0.0 0.0 0.41 0.45 -0.05 1.93 0.0 1.93 CMLN_GIZ
30.8266 40.73478 13.62 1.18 0.0 0.0 1.23 1.39 -0.16 1.79 0.0 1.79 KDER_GDU
30.8266 40.73478 10.14 3.42 0.0 0.0 2.52 2.82 -0.11 5.03 0.0 5.03 KDER_GPS
30.8044 40.38572 -2.64 1.19 0.0 0.0 0.86 0.94 -0.05 -0.5 0.0 -0.5 TEBA_GPS
30.8044 40.38572 -2.64 1.19 0.0 0.0 0.86 0.94 -0.05 -0.5 0.0 -0.5 TEBA_GDU
30.8044 40.38575 2.96 1.91 0.0 0.0 1.1 1.19 -0.06 -5.65 0.0 -5.65 TEB1_GPS
30.7611 40.58886 8.15 2.48 0.0 0.0 0.68 0.73 0.0 -0.29 0.0 -0.29 AGOK_GPS
30.7611 40.58886 2.62 2.13 0.0 0.0 0.52 0.55 -0.02 -0.87 0.0 -0.87 AGOK_GDU
30.7413 40.53593 4.26 5.27 0.0 0.0 2.14 3.04 0.09 15.8 0.0 -15.8 ACV2_GPS
30.7407 40.79499 16.05 2.88 0.0 0.0 0.25 0.28 -0.01 -0.88 0.0 -0.88 HEND_GDU
30.6803 40.53834 3.91 2.78 0.0 0.0 0.81 0.89 0.01 -0.97 0.0 -0.97 AGUZ_GPS
30.6803 40.53834 -0.26 1.54 0.0 0.0 1.65 1.86 -0.07 -4.85 0.0 -4.85 AGUZ_GDU
30.6639 40.60552 6.97 2.09 0.0 0.0 1.37 1.57 0.09 21.65 0.0 -21.65 ATOP_GPS
30.6381 40.61426 9.72 4.22 0.0 0.0 0.87 0.98 -0.05 27.77 0.0 27.77 KTOP_GPS
30.6381 40.61426 -9.16 1.35 0.0 0.0 56.85 56.85 0.0 2.35 0.0 2.35 KTOP_GDU
30.637 39.65758 -3.58 1.26 0.0 0.0 0.76 0.78 -0.01 -0.78 0.0 -0.78 ESKI_GIZ
30.5951 40.8243 30.94 9.24 0.0 0.0 2.98 1.82 -0.01 15.74 0.0 -15.74 PIRE_GDU
30.5704 40.02787 -3.91 1.23 0.0 0.0 0.47 0.5 -0.03 -0.87 0.0 -0.87 MHGZ_GIZ
30.4636 39.74569 -3.53 1.3 0.0 0.0 0.24 0.25 -0.01 -0.32 0.0 -0.32 ESKS_GDU
30.4617 40.47787 -3.19 1.99 0.0 0.0 0.53 0.59 -0.04 -0.36 0.0 -0.36 DGCT_GDU
30.4533 40.35062 -3.79 2.09 0.0 0.0 0.44 0.47 -0.03 -1.33 0.0 -1.33 SEYH_GIZ
30.4045 40.88001 22.76 4.94 0.0 0.0 0.54 0.57 -0.04 -0.19 0.0 -0.19 CLTK_GDU
30.3252 40.61164 0.87 3.39 0.0 0.0 0.4 0.41 -0.07 0.31 0.0 0.31 SEFI_G35
30.3252 40.61164 0.87 3.39 0.0 0.0 0.4 0.41 -0.07 0.31 0.0 0.31 SEFI_GDU
30.3034 40.78523 16.8 5.56 0.0 0.0 0.82 0.92 -0.08 -0.19 0.0 -0.19 KAZI_G35
30.3034 40.78523 16.8 5.56 0.0 0.0 0.82 0.92 -0.08 -0.19 0.0 -0.19 KAZI_GDU
30.2935 41.04825 24.18 3.83 0.0 0.0 0.75 0.83 -0.05 0.2 0.0 0.2 KANR_GIZ
30.2935 41.04825 24.18 3.83 0.0 0.0 0.75 0.83 -0.05 0.2 0.0 0.2 KANR_GDU
30.2293 41.1868 24.09 5.55 0.0 0.0 0.51 0.55 -0.04 0.68 0.0 0.68 KFKT_GDU
30.134 40.68972 8.7 3.5 0.0 0.0 0.72 0.79 -0.01 -4.41 0.0 -4.41 SMAS_GPS
30.134 40.68972 5.91 4.24 0.0 0.0 0.7 0.83 0.0 -0.1 0.0 -0.1 SMAS_G35
30.134 40.68972 5.91 4.24 0.0 0.0 0.7 0.83 0.0 -0.1 0.0 -0.1 SMAS_GDU
30.1302 40.74533 26.11 5.2 0.0 0.0 23.09 23.09 0.0 -9.06 0.0 -9.06 SISL_G35
30.1302 40.74533 14.71 3.93 0.0 0.0 0.34 0.39 -0.02 -1.02 0.0 -1.02 SISL_GDU
30.1302 40.74533 14.71 3.93 0.0 0.0 0.34 0.39 -0.02 -1.02 0.0 -1.02 SISL_GPS
30.0264 40.46472 4.15 3.79 0.0 0.0 1.06 1.07 -0.01 -1.61 0.0 -1.61 MEKE_GPS
29.9773 40.14146 -2.43 2.35 0.0 0.0 0.34 0.34 0.0 -0.21 0.0 -0.21 BILE_GDU
29.9731 41.03354 23.57 4.88 0.0 0.0 0.52 0.55 -0.04 0.86 0.0 0.86 AKCO_GIZ
29.9731 41.03354 23.57 4.88 0.0 0.0 0.52 0.55 -0.04 0.86 0.0 0.86 AKCO_GDU
29.9624 40.84552 20.33 5.59 0.0 0.0 0.44 0.5 0.0 -0.9 0.0 -0.9 UCG2_3DU
29.9509 40.80198 16.96 4.43 0.0 0.0 0.24 0.26 -0.01 -0.14 0.0 -0.14 IZMC_GDU
29.9289 40.42473 2.59 3.18 0.0 0.0 2.07 1.11 -0.01 0.91 0.0 0.91 IUCK_GPS
29.908 40.438 3.79 3.64 0.0 0.0 0.77 0.83 0.0 -1.19 0.0 -1.19 IGAZ_GPS
29.9079 40.438 -1.4 2.05 0.0 0.0 0.57 0.62 -0.06 0.87 0.0 0.87 IGAZ_GIZ
29.9079 40.438 -1.4 2.05 0.0 0.0 0.57 0.62 -0.06 0.87 0.0 0.87 IGAZ_GDU
29.8988 39.48087 -3.94 2.0 0.0 0.0 0.24 0.25 -0.01 -0.4 0.0 -0.4 KUTA_GDU
29.8037 40.70525 6.03 -5.97 0.0 0.0 39.51 39.52 0.0 -3.35 0.0 -3.35 GLCK_G32
29.6813 40.36165 0.18 6.51 0.0 0.0 0.84 0.91 -0.08 25.5 0.0 25.5 DERN_GPS
29.6813 40.36165 -1.79 2.69 0.0 0.0 0.95 1.03 -0.01 -1.57 0.0 -1.57 DERN_GIZ
29.6232 41.17945 20.8 4.3 0.0 0.0 1.2 1.24 -0.01 -3.08 0.0 -3.08 SILE_GPS
29.6232 41.17945 23.6 4.55 0.0 0.0 0.52 0.58 -0.04 1.03 0.0 1.03 SILE_GIZ
29.6133 41.179 23.07 4.84 0.0 0.0 0.44 0.46 0.0 -0.22 0.0 -0.22 SILC_2DU
29.6006 41.16873 22.73 4.19 0.0 0.0 0.35 0.48 0.0 -1.4 0.0 -1.4 SLEE_GDU
29.5852 40.66713 6.43 4.09 0.0 0.0 0.74 0.78 -0.03 0.12 0.0 0.12 OLU2_GIZ
29.5852 40.66713 6.43 4.09 0.0 0.0 0.74 0.78 -0.03 0.12 0.0 0.12 OLU1_GDU
29.5392 40.97974 22.72 4.73 0.0 0.0 0.51 0.56 -0.04 -0.47 0.0 -0.47 OVCT_GDU
29.5138 40.16384 -8.41 -1.44 0.0 0.0 29.8 29.8 0.0 -4.48 0.0 -4.48 HMZA_GIZ
29.4506 40.78673 17.04 5.83 0.0 0.0 0.24 0.25 -0.01 -1.09 0.0 -1.19 TUBI_4DU
29.3719 40.56553 1.11 4.43 0.0 0.0 0.9 0.91 0.0 -3.9 0.0 -52.82 DUMT_GIZ
29.3719 40.56553 1.99 4.92 0.0 0.0 0.27 0.26 -0.01 -1.02 0.0 -49.95 DUM2_GDU
29.3624 41.01709 22.96 4.08 0.0 0.0 1.07 1.16 -0.09 -2.32 0.0 -2.32 KRDM_GIZ
29.3208 40.86602 20.21 5.05 0.0 0.0 0.48 0.51 -0.03 -3.05 0.0 -3.05 IBBT_GDU
29.3102 40.9268 21.95 5.76 0.0 0.0 0.57 0.62 -0.05 2.04 0.0 2.04 HARM_GDU
29.2924 40.8265 18.67 6.27 0.0 0.0 0.45 0.47 0.0 -1.04 0.0 -1.04 TUZL_GDU
29.2879 40.48473 -0.08 4.5 0.0 0.0 0.67 0.67 -0.05 -0.93 0.0 -0.93 KUTE_G30
29.2879 40.48473 -0.08 4.5 0.0 0.0 0.67 0.67 -0.05 -0.93 0.0 -0.93 KUTE_GDU
29.2732 40.83435 19.03 5.36 0.0 0.0 0.78 0.83 -0.07 -2.76 0.0 -2.76 KAMT_GDU
29.2432 40.31874 -1.43 5.12 0.0 0.0 0.63 0.71 -0.08 -0.95 0.0 -0.95 ERCT_GDU
29.2378 40.91671 21.86 4.21 0.0 0.0 0.98 1.06 -0.09 11.89 0.0 11.89 YACT_GDU
29.1527 39.67775 -3.39 3.61 0.0 0.0 0.28 0.27 -0.01 -0.53 0.0 -0.53 HARC_GDU
29.1431 40.63947 7.08 8.17 0.0 0.0 0.97 1.11 -0.04 21.46 0.0 21.46 CINA_GPS
29.1431 40.63947 1.86 2.6 0.0 0.0 3.25 3.26 0.0 4.01 0.0 4.01 CINA_G30
29.1431 40.63947 4.57 5.64 0.0 0.0 0.53 0.57 -0.05 -2.07 0.0 -2.07 CINA_GDU
29.1314 40.09755 -5.44 0.27 0.0 0.0 10.79 10.79 0.0 -2.02 0.0 -2.02 ULUT_GPS
29.1179 40.85212 19.29 7.33 0.0 0.0 0.45 0.47 0.0 -0.83 0.0 -1.03 BAD1_7DU
29.1127 40.81973 18.88 7.69 0.0 0.0 0.38 0.38 -0.01 1.43 0.0 1.43 YANT_3DU
29.0935 41.17672 23.11 5.93 0.0 0.0 0.76 0.77 0.0 -1.06 0.0 -1.06 BEYK_GDU
29.0935 41.17672 23.11 5.93 0.0 0.0 0.76 0.77 0.0 -1.06 0.0 -1.06 BEYK_2DU
29.0935 41.17672 23.11 5.93 0.0 0.0 0.76 0.77 0.0 -1.06 0.0 -1.06 BEYK_3DU
29.0935 41.17672 23.11 5.93 0.0 0.0 0.76 0.77 0.0 -1.06 0.0 -1.06 BEYK_4DU
29.0636 41.06359 19.92 8.42 0.0 0.0 0.52 0.53 -0.01 -4.11 0.0 -4.11 IKAN_GPS
29.0614 41.06081 28.87 9.34 0.0 0.0 2.81 2.85 -0.01 3.88 0.0 -17.11 KANT_GPS
29.033 39.89917 -2.79 2.9 0.0 0.0 0.58 0.62 -0.06 -2.74 0.0 -2.74 BLOT_GDU
29.0193 41.10445 22.03 6.43 0.0 0.0 0.3 0.32 -0.01 -0.68 0.0 -1.91 ISTA_GDU
29.0193 41.10445 22.4 6.83 0.0 0.0 0.28 0.29 -0.01 -0.13 0.0 -1.36 ISTA_2DU
29.0152 40.21425 -1.04 4.44 0.0 0.0 0.3 0.29 -0.01 -1.35 0.0 -1.35 BURS_GDU
28.9908 40.86578 18.91 7.99 0.0 0.0 0.5 0.5 0.0 3.26 0.0 3.26 YSST_GDU
28.9632 41.08633 21.57 7.03 0.0 0.0 0.33 0.34 -0.01 -0.55 0.0 -0.55 ISKI_GDU
28.9632 41.08633 21.57 7.03 0.0 0.0 0.33 0.34 -0.01 -0.55 0.0 -0.55 ISKI_2DU
28.8819 40.48074 -6.64 -1.34 0.0 0.0 2.51 3.0 0.02 -1.57 0.0 -1.57 FIS0_GPS
28.8818 40.48057 1.57 5.46 0.0 0.0 0.52 1.02 -0.02 -3.8 0.0 -3.8 FIST_GIZ
28.8316 40.99096 21.5 7.29 0.0 0.0 0.26 0.26 -0.01 -0.92 0.0 -0.92 ISTN_GDU
28.782 40.53439 2.98 2.82 0.0 0.0 0.43 0.48 -0.01 -1.01 0.0 -1.01 BOZT_GPS
28.782 40.53439 3.84 4.83 0.0 0.0 0.25 0.29 -0.01 -1.12 0.0 -1.12 BOZT_3DU
28.7797 41.00275 20.73 7.06 0.0 0.0 0.44 0.44 -0.01 -1.24 0.0 -1.24 KCEK_2DU
28.7789 40.97483 20.0 7.24 0.0 0.0 0.97 1.1 -0.03 -0.26 0.0 -0.26 FLRT_GDU
28.7238 40.98867 16.31 8.35 0.0 0.0 0.65 0.33 -0.01 -9.04 0.0 -1.77 AVCT_4DU
28.7211 41.31954 24.26 5.67 0.0 0.0 1.09 0.78 0.0 1.05 0.0 1.05 YNKT_GDU
28.6838 41.03013 19.28 9.87 0.0 0.0 0.55 1.3 -0.01 -4.11 0.0 -4.11 N103_GDU
28.6827 41.34712 23.61 6.99 0.0 0.0 0.49 0.44 -0.01 0.1 0.0 0.1 KABT_GDU
28.6735 41.30307 22.81 8.02 0.0 0.0 0.43 0.46 -0.01 -0.49 0.0 -0.49 ZFER_GDU
28.6718 41.05651 18.11 7.62 0.0 0.0 1.16 1.25 0.0 -8.47 0.0 -8.47 N107_GDU
28.6596 40.9854 21.91 6.7 0.0 0.0 0.56 0.62 -0.05 -3.27 0.0 -3.27 N104_GDU
28.6524 41.02162 23.63 10.7 0.0 0.0 1.13 1.3 -0.01 -8.13 0.0 -8.13 N108_GDU
28.631 41.04334 24.21 7.21 0.0 0.0 0.57 0.73 -0.01 -8.54 0.0 -8.54 N110_GDU
28.6162 41.02578 23.03 8.39 0.0 0.0 0.66 0.71 0.02 -6.42 0.0 -6.42 N102_GDU
28.6152 40.99573 22.09 5.11 0.0 0.0 1.24 1.35 0.09 -3.31 0.0 -3.31 N101_GDU
28.5358 41.06188 22.71 6.16 0.0 0.0 1.33 1.05 -0.03 -0.12 0.0 -0.12 H009_GDU
28.4758 41.04091 20.89 7.83 0.0 0.0 1.1 1.22 -0.04 -3.9 0.0 -3.9 KMBT_GDU
28.4128 39.99288 -1.75 1.76 0.0 0.0 2.56 2.6 -0.01 -5.33 0.0 -5.33 LTFY_GIZ
28.3732 40.3979 1.22 5.13 0.0 0.0 0.34 0.36 -0.03 -2.04 0.0 -2.04 YENI_GPS
28.3732 40.3979 1.22 5.13 0.0 0.0 0.34 0.36 -0.03 -2.04 0.0 -2.04 YENI_GIZ
28.3653 41.05183 21.6 7.73 0.0 0.0 0.41 0.43 -0.02 2.28 0.0 2.28 SELP_GPS
28.3653 41.05183 21.6 7.73 0.0 0.0 0.41 0.43 -0.02 1.12 0.0 1.12 SELP_GIZ
28.3325 40.26526 -0.05 4.86 0.0 0.0 0.22 0.23 -0.01 -0.57 0.0 -0.57 KART_GPS
28.3325 40.26526 -0.05 4.86 0.0 0.0 0.22 0.23 -0.01 -0.57 0.0 -0.57 KART_2DU
32.6759 41.23163 20.97 0.81 0.0 0.0 0.25 0.26 -0.01 -0.49 0.0 -0.49 KRBK_GDU
32.5697 40.88121 17.48 -0.27 0.0 0.0 2.45 0.9 -0.01 -0.17 0.0 -0.17 ISME_GPS
32.4745 40.49097 0.39 -1.86 0.0 0.0 0.24 0.25 0.0 0.24 0.0 0.24 CMLD_GDU
32.226 41.52014 24.24 -0.53 0.0 0.0 0.85 0.91 -0.01 -1.84 0.0 -1.84 HALI_GPS
31.8138 39.56414 -2.39 -0.68 0.0 0.0 0.76 0.76 -0.01 2.19 0.0 2.19 SIVR_GPS
31.7781 41.44953 23.44 2.09 0.0 0.0 0.26 0.29 -0.01 -5.84 0.0 -5.84 ZONG_GDU
31.5362 39.44652 -3.7 -0.23 0.0 0.0 0.54 0.54 0.0 0.69 0.0 0.69 SIH1_GC9
31.5352 39.44528 -3.9 -0.4 0.0 0.0 0.43 0.42 0.0 -0.03 0.0 -0.03 SIHI_GC9
23.0037 40.56682 21.44 13.47 0.0 0.0 0.26 0.28 -0.01 -1.46 0.0 -1.46 AUT1_2IZ
22.9449 38.88816 7.84 5.35 0.0 0.0 0.38 0.39 -0.02 1.59 0.0 1.59 NEVA_GAG
22.5443 39.93683 19.94 14.77 0.0 0.0 0.68 0.69 -0.03 -0.61 0.0 -0.61 KRNA_GKG
22.3879 39.61411 15.3 12.52 0.0 0.0 0.63 0.58 0.0 -1.83 0.0 -1.83 LARM_GKG
22.3465 40.47606 21.45 14.53 0.0 0.0 0.43 0.49 0.03 -0.79 0.0 -0.79 PLLT_GKG
22.2053 41.16155 23.62 17.95 0.0 0.0 0.75 0.76 -0.01 -2.74 0.0 -2.74 M129_GPS
22.1707 40.84543 23.0 16.94 0.0 0.0 0.54 0.54 -0.15 -0.19 0.0 -0.19 KALI_GKG
22.0429 40.18798 18.36 16.13 0.0 0.0 0.83 0.87 -0.02 -0.82 0.0 -0.82 LO79_GKG
22.0143 39.56474 14.91 14.91 0.0 0.0 0.37 0.38 -0.01 -1.52 0.0 -1.52 KLOK_GKG
21.9385 40.06302 19.17 15.15 0.0 0.0 0.76 0.79 -0.02 1.89 0.0 1.89 LI29_GKG
21.9359 39.76413 14.48 16.37 0.0 0.0 1.18 1.27 0.04 3.08 0.0 3.08 OXIA_GKG
21.8994 40.20997 20.0 16.19 0.0 0.0 2.06 1.23 -0.02 -0.03 0.0 -0.03 LI74_GKG
21.8938 40.0894 19.09 14.87 0.0 0.0 1.0 1.68 0.0 -1.25 0.0 -1.25 LI38_GKG
21.881 40.29261 19.22 15.72 0.0 0.0 1.32 0.93 -0.01 0.43 0.0 0.43 KO16_GKG
21.878 39.83856 16.82 15.11 0.0 0.0 0.4 0.41 -0.02 -2.96 0.0 -2.96 DE30_GKG
21.8464 39.67595 16.9 15.09 0.0 0.0 0.81 0.84 -0.03 1.83 0.0 1.83 LIPO_GKG
21.8021 40.24154 19.98 17.99 0.0 0.0 0.73 0.77 -0.01 -3.09 0.0 -3.09 LI81_GKG
21.7983 38.9053 8.09 13.21 0.0 0.0 2.05 1.98 0.0 4.19 0.0 4.19 KRPN_GAG
21.7968 39.91893 19.05 17.22 0.0 0.0 0.86 1.81 -0.05 0.58 0.0 0.58 DE88_GKG
21.787 40.93117 22.28 18.72 0.0 0.0 1.21 1.17 -0.02 -6.76 0.0 -6.76 0806_GKG
21.7389 40.19679 19.55 19.54 0.0 0.0 0.74 0.77 0.0 -3.95 0.0 -3.95 KN73_G05
21.7207 40.07247 18.36 17.6 0.0 0.0 1.79 0.99 0.0 -5.95 0.0 -5.95 KN29_G05
21.7137 40.13808 18.46 18.22 0.0 0.0 0.77 0.81 -0.03 -1.85 0.0 -1.85 KN50_G06
21.7018 40.30485 20.98 19.36 0.0 0.0 1.14 1.21 -0.04 -1.73 0.0 -1.73 SI19_GKG
21.6546 40.13565 17.9 18.74 0.0 0.0 1.22 1.23 0.0 1.14 0.0 1.14 KN49_G06
21.6261 40.00896 18.45 12.32 0.0 0.0 0.72 0.73 -0.01 -0.7 0.0 -0.7 KN03_G05
21.6164 40.11319 19.7 17.9 0.0 0.0 0.89 0.73 -0.01 -2.34 0.0 -2.34 KN43_G06
21.5867 40.20733 19.52 21.06 0.0 0.0 0.78 0.83 0.01 3.08 0.0 3.08 KN88_G06
21.5687 40.2376 17.63 20.22 0.0 0.0 0.77 0.78 0.0 -0.93 0.0 -0.93 SIFB_G06
21.5687 40.23756 17.63 20.22 0.0 0.0 0.77 0.78 0.0 -0.93 0.0 -0.93 SIF0_G06
21.5615 40.34347 20.75 19.43 0.0 0.0 0.81 0.83 0.01 1.41 0.0 1.41 SI34_GKG
21.5266 40.02164 18.11 28.04 0.0 0.0 2.19 2.4 0.14 20.44 0.0 20.44 KN09_G05
21.5096 40.47268 21.66 19.99 0.0 0.0 1.06 1.07 -0.01 2.28 0.0 2.28 SI80_GKG
21.4983 40.18373 15.77 20.36 0.0 0.0 1.78 1.15 -0.05 1.4 0.0 1.4 GV69_G06
21.4533 40.3699 21.01 20.96 0.0 0.0 0.74 0.76 -0.01 -0.38 0.0 -0.38 AR44_GKG
21.4458 40.45244 21.11 20.55 0.0 0.0 0.72 0.78 -0.03 2.05 0.0 2.05 AR69_GKG
21.3593 40.15928 20.39 21.41 0.0 0.0 0.72 0.76 -0.04 -5.15 0.0 -5.15 104G_GKG
21.3343 40.45662 20.56 20.5 0.0 0.0 0.32 0.32 -0.01 0.31 0.0 0.31 AR73_GKG
21.3218 40.03116 21.53 20.96 0.0 0.0 1.7 1.74 -0.11 5.37 0.0 5.37 GV13_GKG
21.2901 40.13246 20.11 21.58 0.0 0.0 1.03 1.06 -0.01 -4.3 0.0 -4.3 GV49_GKG
21.2282 40.38375 19.4 20.5 0.0 0.0 0.38 0.41 -0.02 4.44 0.0 4.44 7111_GKG
21.1822 41.00154 22.28 21.58 0.0 0.0 0.35 0.37 0.04 0.56 0.0 0.56 M127_GKG
21.0403 40.62257 20.65 21.57 0.0 0.0 1.03 0.94 -0.01 -7.59 0.0 -7.59 KAPS_GKG
20.9146 40.90093 21.5 21.85 0.0 0.0 0.62 0.63 -0.01 -1.18 0.0 -1.18 POGR_GKG
20.8204 40.93232 22.24 23.25 0.0 0.0 0.76 0.78 -0.02 3.54 0.0 3.54 0807_GPS
20.6747 40.48222 20.25 23.18 0.0 0.0 0.66 0.68 -0.02 0.31 0.0 0.31 QARR_GKG
20.6198 40.15319 16.5 24.27 0.0 0.0 1.29 1.27 -0.07 29.03 0.0 -29.03 LSK0_GKG
20.6198 40.15319 16.5 24.27 0.0 0.0 1.29 1.27 -0.07 29.03 0.0 -29.03 LSK0_GE7
